0 info it worked if it ends with ok
1 verbose cli [ '/usr/bin/nodejs', '/usr/bin/npm', 'install', '-g', 'os-utils' ]
2 info using npm@3.5.2
3 info using node@v4.2.6
4 silly loadCurrentTree Starting
5 silly install loadCurrentTree
6 silly install readGlobalPackageData
7 silly fetchPackageMetaData os-utils
8 silly fetchNamedPackageData os-utils
9 silly mapToRegistry name os-utils
10 silly mapToRegistry using default registry
11 silly mapToRegistry registry https://registry.npmjs.org/
12 silly mapToRegistry uri https://registry.npmjs.org/os-utils
13 verbose request uri https://registry.npmjs.org/os-utils
14 verbose request no auth needed
15 info attempt registry request try #1 at 17:56:32
16 verbose request id 08eb387c2b07e9ff
17 verbose etag W/"b0869dcf75b382994b16c1a9e45223f3"
18 verbose lastModified Sun, 27 May 2018 11:24:37 GMT
19 http request GET https://registry.npmjs.org/os-utils
20 http 304 https://registry.npmjs.org/os-utils
21 verbose headers { date: 'Fri, 19 Oct 2018 15:56:32 GMT',
21 verbose headers   connection: 'keep-alive',
21 verbose headers   'set-cookie': [ '__cfduid=d8889908a0f974d5e8c7c89e42736774c1539964592; expires=Sat, 19-Oct-19 15:56:32 GMT; path=/; domain=.registry.npmjs.org; HttpOnly' ],
21 verbose headers   'cf-cache-status': 'HIT',
21 verbose headers   'cache-control': 'max-age=300',
21 verbose headers   'cf-ray': '46c46f6f1fbc2d9b-TXL',
21 verbose headers   etag: '"b0869dcf75b382994b16c1a9e45223f3"',
21 verbose headers   'expect-ct': 'max-age=604800, report-uri="https://report-uri.cloudflare.com/cdn-cgi/beacon/expect-ct"',
21 verbose headers   'last-modified': 'Sun, 27 May 2018 11:24:37 GMT',
21 verbose headers   vary: 'accept-encoding, accept',
21 verbose headers   server: 'cloudflare' }
22 silly get cb [ 304,
22 silly get   { date: 'Fri, 19 Oct 2018 15:56:32 GMT',
22 silly get     connection: 'keep-alive',
22 silly get     'set-cookie': [ '__cfduid=d8889908a0f974d5e8c7c89e42736774c1539964592; expires=Sat, 19-Oct-19 15:56:32 GMT; path=/; domain=.registry.npmjs.org; HttpOnly' ],
22 silly get     'cf-cache-status': 'HIT',
22 silly get     'cache-control': 'max-age=300',
22 silly get     'cf-ray': '46c46f6f1fbc2d9b-TXL',
22 silly get     etag: '"b0869dcf75b382994b16c1a9e45223f3"',
22 silly get     'expect-ct': 'max-age=604800, report-uri="https://report-uri.cloudflare.com/cdn-cgi/beacon/expect-ct"',
22 silly get     'last-modified': 'Sun, 27 May 2018 11:24:37 GMT',
22 silly get     vary: 'accept-encoding, accept',
22 silly get     server: 'cloudflare' } ]
23 verbose etag https://registry.npmjs.org/os-utils from cache
24 verbose get saving os-utils to /home/hacker/.npm/registry.npmjs.org/os-utils/.cache.json
25 silly install normalizeTree
26 silly loadCurrentTree Finishing
27 silly loadIdealTree Starting
28 silly install loadIdealTree
29 silly cloneCurrentTree Starting
30 silly install cloneCurrentTreeToIdealTree
31 silly cloneCurrentTree Finishing
32 silly loadShrinkwrap Starting
33 silly install loadShrinkwrap
34 silly loadShrinkwrap Finishing
35 silly loadAllDepsIntoIdealTree Starting
36 silly install loadAllDepsIntoIdealTree
37 silly resolveWithNewModule os-utils@0.0.14 checking installable status
38 silly cache add args [ 'os-utils', null ]
39 verbose cache add spec os-utils
40 silly cache add parsed spec Result {
40 silly cache add   raw: 'os-utils',
40 silly cache add   scope: null,
40 silly cache add   name: 'os-utils',
40 silly cache add   rawSpec: '',
40 silly cache add   spec: 'latest',
40 silly cache add   type: 'tag' }
41 silly addNamed os-utils@latest
42 verbose addNamed "latest" is being treated as a dist-tag for os-utils
43 info addNameTag [ 'os-utils', 'latest' ]
44 silly mapToRegistry name os-utils
45 silly mapToRegistry using default registry
46 silly mapToRegistry registry https://registry.npmjs.org/
47 silly mapToRegistry uri https://registry.npmjs.org/os-utils
48 verbose addNameTag registry:https://registry.npmjs.org/os-utils not in flight; fetching
49 verbose get https://registry.npmjs.org/os-utils not expired, no request
50 silly addNameTag next cb for os-utils with tag latest
51 silly addNamed os-utils@0.0.14
52 verbose addNamed "0.0.14" is a plain semver version for os-utils
53 silly cache afterAdd os-utils@0.0.14
54 verbose afterAdd /home/hacker/.npm/os-utils/0.0.14/package/package.json not in flight; writing
55 verbose afterAdd /home/hacker/.npm/os-utils/0.0.14/package/package.json written
56 silly loadAllDepsIntoIdealTree Finishing
57 silly idealTree:prePrune lib
57 silly idealTree:prePrune └── os-utils@0.0.14
58 silly loadIdealTree Finishing
59 silly currentTree lib
60 silly idealTree lib
60 silly idealTree └── os-utils@0.0.14
61 silly generateActionsToTake Starting
62 silly install generateActionsToTake
63 warn checkPermissions Missing write access to /usr/local/lib/node_modules
64 silly rollbackFailedOptional Starting
65 silly rollbackFailedOptional Finishing
66 silly runTopLevelLifecycles Starting
67 silly runTopLevelLifecycles Finishing
68 silly install printInstalled
69 verbose stack Error: EACCES: permission denied, access '/usr/local/lib/node_modules'
69 verbose stack     at Error (native)
70 verbose cwd /home/hacker/eduship/edushipBackend
71 error Linux 4.8.0-53-generic
72 error argv "/usr/bin/nodejs" "/usr/bin/npm" "install" "-g" "os-utils"
73 error node v4.2.6
74 error npm  v3.5.2
75 error path /usr/local/lib/node_modules
76 error code EACCES
77 error errno -13
78 error syscall access
79 error Error: EACCES: permission denied, access '/usr/local/lib/node_modules'
79 error     at Error (native)
79 error  { [Error: EACCES: permission denied, access '/usr/local/lib/node_modules']
79 error   errno: -13,
79 error   code: 'EACCES',
79 error   syscall: 'access',
79 error   path: '/usr/local/lib/node_modules' }
80 error Please try running this command again as root/Administrator.
81 verbose exit [ -13, true ]
